//GLOBAL CLOUDFLARE ECH
cloudflare-ech.com

//КИНОТЕАТРЫ-ТОРРЕНТЫ
1337x.eu
1337x.to
1337x.st
ashdi.vip
bitru.org
bt.t-ru.org
bt2.t-ru.org
bt3.t-ru.org
bt4.t-ru.org
btdig.com
cdnbunny.org
cloudex.cc
coldfilm.xyz
cub.red
czx.to
dorama.live
doramalive.ru
doramy.club
eneyida.tv
fast-torrent.club
filmitorrent.net
filmix.ac
filmix.biz
filmix.co
filmix.day
filmix.fm
filmix.la
filmix.my
filmix.tech
filmixapp.cyou
filmixapp.vip
flypink.org
hdrezka.ac
hdrezka.ag
hdrezka.me
hdrzk.org
jacred.ru
jacred.xyz
kino.pub
kinobase.org
kinogo.bot
kinogo.ec
kinogo.inc
kinogo.online
kinogo.prof
kinogram.best
kinokong.bz
kinokong.day
kinokopilka.pro
kinopub.me
kinovibe.co
kinovod.net
kinozal.guru
kinozal.me
kinozal.tv
kpapp.link
kpfr.fun
lafa.site
lostfilm.run
lostfilm.tv
lostfilm.win
lostfilmtv2.site
lostfilmtv5.site
megapeer.ru
megapeer.vip
metacritic.com
mydoramy.club
nnmclub.to
nnmstatic.win
open.selezen.org
pb.wtf
piratbit.top
piratebay.live
reyohoho.space
rezka.ag
rezka.my
rezkify.com
riperam.org
rustorka.com
rutor.info
rutor.is
rutor.org
rutracker.net
rutracker.org
rutracker.ru
seasonvar.kz
seasonvar.ink  
seasonvar.ru
seasonvar.zone
seedoff.zannn.top
selezen.club
selezen.org
selezen.net
static.hdrezka.ac
static.lostfilm.top
static.rutracker.cc
tmdb-image-prod.b-cdn.net
tmdb.org
themoviedb.org
thepiratebay.org
torrent.by
torrentgalaxy.to
torrs.ru
tpb.party
tr.anidub.com
tracker.opentrackr.org
ultradox.host
ultradox.xyz
underver.se
videocdn.tv
vkino.lafa.site
zet-flix.online
zetflix.online

//LAMPA-REZKA-BOOST
annacdn.cc
bhcesh.me
ninsel.ws
fotpro135alto.com
cdnsqu.com
cdnvideohub.com
werkecdn.me
tor2me.info
apn.monster
videocdn.pw
videocdn.so
ukrtelcdn.net

//VPN-ФОРУМЫ
adguard.com
amnezia.org
antizapret.prostovpn.org
censortracker.org
cloudflare-dns.com
discours.io
dpidetector.org
exler.ru
finevpn.org
forum.ru-board.com
habr.com
itdog.info
mullvad.net
ntc.party
onlinesim.io
onlinesim.ru
prostovpn.org
proton.me
protonmail.com
protonvpn.com
psiphon.ca
qr.ae
quora.com
quoracdn.net
redshieldvpn.com
roskomsvoboda.org
sagernet.org
te-st.org
torproject.org
unfiltered.adguard-dns.com
vpngate.net
vpngen.org
vpnlove.me
vpnpay.io
watchguard.com
zerolab.net

//PORN
chaturbate.com
eroticbeauties.net
fuqqt.com
hardgif.com
hdtube.porn
homepornking.com
hqporner.com
multporn.net
phncdn.com
pornhub.com
pornolab.net
pussyspace.com
redgifs.com
redtube.com
reddxxx.com
rule34vault.com
static-ss.xvideos-cdn.com
thatpervert.com
youporn.com
ypncdn.com
xhamster.com
xhamsterlive.com
xnxx-ru.com
xnxx.com
xv-ru.com
xvideos.com

//ANIME
anilibria.tv
animejoy.site
danbooru.donmai.us
e-hentai.org
gelbooru.com
hentai-foundry.com
island-of-pleasure.site
iichan.hk
mangadex.org
mangahub.ru
mangapark.net
porncomicsus.com
rf.dobrochan.net
rule34.art
shikimori.me
vndb.org
vrv.co
webtoons.com

//3DModeling
3d-load.net
attachments.f95zone.to
blinkshot.io
f95-zone.to
f95zone.com
f95zone.to
renderhub.com
render-state.to
slushe.com
wp.com

//IPTV
1cent.tv
cardshare.cc
cbilling.eu
cbilling.vip
forumtv.org
ilook.tv
ip-tv.club
iptv.online
lightiptv.cc
ottclub.cc
shara.club
vipdrive.net

//КНИГИ
abook-club.ru
babook.org
booktracker.org
ficbook.net
flibusta.is
freedomletters.org
lib.rus.ec
librusec.club
librusec.org
librusec.pro
proxy.flibusta.net

//МУЗЫКА
amdm.ru
deezer.com
soundcloud.com
theaudiodb.com

//ФОТО
dk-s.ru
freeimages.com
imageup.ru
imgbb.com
kartinko.org
lamcdn.net
lostpix.com
pexels.com
prnt.sc
remove.bg
simgbb.com

//GAMES
boosteroid.com
chess.com
clashofclans.com
gamesrepack.com
ign.com
riotpixels.com
supercell.com
wiki.fextralife.com

//ПОЧТА
10minutemail.com
api.protonmail.ch
mail-api.proton.me
mailfence.com
tutanota.com

//СОФТ-ХАРД
banana-pi.org
bosch-home.com
cpu-monkey.com
daemon-tools.cc
happymod.com
macvendors.com
magicmodapk.com
telemetr.io

//EDGE
dual-a-0001.a-msedge.net
edge.microsoft.com
edgeservices.bing.com
news.google.com

//ОБЛАКА-ХРАНИЛИЩА
fex.net
quickconnect.to
ufile.io

//РАБОТА-ОБУЧЕНИЕ
linkedin.com
static.licdn.com
skladchik.com
skladchiki.pro

//NOTION
notion-static.com
notion.com
notion.new
notion.site
notion.so
notionusercontent.com

//COUB
coub.com

//DISCORD
dis.gd
discord-activities.com
discord.co
discord.com
discord.design
discord.dev
discord.gg
discord.gift
discord.gifts
discord.media
discord.new
discord.store
discord.tools
discordactivities.com
discordapp.com
discordapp.io
discordapp.net
discordapp.org
discordmerch.com
discordpartygames.com
discordsays.com
discordstatus.com

//FACEBOOK
facebook.com
facebook.net
fb.com
fbcdn.net
fbsbx.com
internalfb.com
oculus.com

//INSTAGRAM
cdninstagram.com
ig.me
instagr.am
instagram.com
thedise.me
threads.net

//TWITTER
ads-twitter.com
periscope.tv
pscp.tv
t.co
tweetdeck.com
twimg.com
twirpx.com
twitpic.com
twitter.biz
twitter.com
twitter.jp
twittercommunity.com
twitterflightschool.com
twitterinc.com
twitteroauth.com
twitterstat.us
twtrdns.net
twttr.com
twttr.net
twvid.com
vine.co
x.com

//TIKTOK
tik-tokapi.com
tiktok.com
tiktokcdn-eu.com
tiktokcdn-us.com
tiktokcdn.com
tiktokd.net
tiktokd.org
tiktokv.com
tiktokv.us
tiktokw.us
ttwstatic.com

//YOUTUBE
youtu.be
ytimg.com
ggpht.com
youtube.com
googlevideo.com
youtubekids.com
ytimg.l.google.com
youtube-nocookie.com
jnn-pa.googleapis.com
youtubei.googleapis.com
youtube-ui.l.google.com
wide-youtube.l.google.com
yt-video-upload.l.google.com
youtubeembeddedplayer.googleapis.com
